<!DOCTYPE html>

<html>
  <head>
  <meta charset='utf-8'>
  <title>TestNG reports</title>

    <link type="text/css" href="testng-reports.css" rel="stylesheet" />
    <script type="text/javascript" src="jquery-1.7.1.min.js"></script>
    <script type="text/javascript" src="testng-reports.js"></script>
    <script type="text/javascript" src="https://www.google.com/jsapi"></script>
    <script type='text/javascript'>
      google.load('visualization', '1', {packages:['table']});
      google.setOnLoadCallback(drawTable);
      var suiteTableInitFunctions = new Array();
      var suiteTableData = new Array();
    </script>
    <!--
      <script type="text/javascript" src="jquery-ui/js/jquery-ui-1.8.16.custom.min.js"></script>
     -->
  </head>

  <body>
    <div class="top-banner-root">
      <span class="top-banner-title-font">Test results</span>
      <br/>
      <span class="top-banner-font-1">1 suite, 3 failed tests</span>
    </div> <!-- top-banner-root -->
    <div class="navigator-root">
      <div class="navigator-suite-header">
        <span>All suites</span>
        <a href="#" title="Collapse/expand all the suites" class="collapse-all-link">
          <img src="collapseall.gif" class="collapse-all-icon">
          </img> <!-- collapse-all-icon -->
        </a> <!-- collapse-all-link -->
      </div> <!-- navigator-suite-header -->
      <div class="suite">
        <div class="rounded-window">
          <div class="suite-header light-rounded-window-top">
            <a href="#" panel-name="suite-Default_Suite" class="navigator-link">
              <span class="suite-name border-failed">Default Suite</span>
            </a> <!-- navigator-link -->
          </div> <!-- suite-header light-rounded-window-top -->
          <div class="navigator-suite-content">
            <div class="suite-section-title">
              <span>Info</span>
            </div> <!-- suite-section-title -->
            <div class="suite-section-content">
              <ul>
                <li>
                  <a href="#" panel-name="test-xml-Default_Suite" class="navigator-link ">
                    <span>temp-testng-customsuite.xml</span>
                  </a> <!-- navigator-link  -->
                </li>
                <li>
                  <a href="#" panel-name="testlist-Default_Suite" class="navigator-link ">
                    <span class="test-stats">1 test</span>
                  </a> <!-- navigator-link  -->
                </li>
                <li>
                  <a href="#" panel-name="group-Default_Suite" class="navigator-link ">
                    <span>0 groups</span>
                  </a> <!-- navigator-link  -->
                </li>
                <li>
                  <a href="#" panel-name="times-Default_Suite" class="navigator-link ">
                    <span>Times</span>
                  </a> <!-- navigator-link  -->
                </li>
                <li>
                  <a href="#" panel-name="reporter-Default_Suite" class="navigator-link ">
                    <span>Reporter output</span>
                  </a> <!-- navigator-link  -->
                </li>
                <li>
                  <a href="#" panel-name="ignored-methods-Default_Suite" class="navigator-link ">
                    <span>Ignored methods</span>
                  </a> <!-- navigator-link  -->
                </li>
                <li>
                  <a href="#" panel-name="chronological-Default_Suite" class="navigator-link ">
                    <span>Chronological view</span>
                  </a> <!-- navigator-link  -->
                </li>
              </ul>
            </div> <!-- suite-section-content -->
            <div class="result-section">
              <div class="suite-section-title">
                <span>Results</span>
              </div> <!-- suite-section-title -->
              <div class="suite-section-content">
                <ul>
                  <li>
                    <span class="method-stats">9 methods, 3 failed,   6 passed</span>
                  </li>
                  <li>
                    <span class="method-list-title failed">Failed methods</span>
                    <span class="show-or-hide-methods failed">
                      <a href="#" panel-name="suite-Default_Suite" class="hide-methods failed suite-Default_Suite"> (hide)</a> <!-- hide-methods failed suite-Default_Suite -->
                      <a href="#" panel-name="suite-Default_Suite" class="show-methods failed suite-Default_Suite"> (show)</a> <!-- show-methods failed suite-Default_Suite -->
                    </span>
                    <div class="method-list-content failed suite-Default_Suite">
                      <span>
                        <img src="failed.png" width="3%"/>
                        <a href="#" panel-name="suite-Default_Suite" title="Corporate.smoketest.Accounts" class="method navigator-link" hash-for-method="CashInTransactionSuccessfully">CashInTransactionSuccessfully</a> <!-- method navigator-link -->
                      </span>
                      <br/>
                      <span>
                        <img src="failed.png" width="3%"/>
                        <a href="#" panel-name="suite-Default_Suite" title="Corporate.smoketest.Accounts" class="method navigator-link" hash-for-method="CashOutTransactionSuccessfully">CashOutTransactionSuccessfully</a> <!-- method navigator-link -->
                      </span>
                      <br/>
                      <span>
                        <img src="failed.png" width="3%"/>
                        <a href="#" panel-name="suite-Default_Suite" title="Corporate.smoketest.Accounts" class="method navigator-link" hash-for-method="addAccountIndSuccessfully">addAccountIndSuccessfully</a> <!-- method navigator-link -->
                      </span>
                      <br/>
                    </div> <!-- method-list-content failed suite-Default_Suite -->
                  </li>
                  <li>
                    <span class="method-list-title passed">Passed methods</span>
                    <span class="show-or-hide-methods passed">
                      <a href="#" panel-name="suite-Default_Suite" class="hide-methods passed suite-Default_Suite"> (hide)</a> <!-- hide-methods passed suite-Default_Suite -->
                      <a href="#" panel-name="suite-Default_Suite" class="show-methods passed suite-Default_Suite"> (show)</a> <!-- show-methods passed suite-Default_Suite -->
                    </span>
                    <div class="method-list-content passed suite-Default_Suite">
                      <span>
                        <img src="passed.png" width="3%"/>
                        <a href="#" panel-name="suite-Default_Suite" title="Corporate.smoketest.Accounts" class="method navigator-link" hash-for-method="openAccountIndActions">openAccountIndActions</a> <!-- method navigator-link -->
                      </span>
                      <br/>
                      <span>
                        <img src="passed.png" width="3%"/>
                        <a href="#" panel-name="suite-Default_Suite" title="Corporate.smoketest.Accounts" class="method navigator-link" hash-for-method="openAccountIndDetails">openAccountIndDetails</a> <!-- method navigator-link -->
                      </span>
                      <br/>
                      <span>
                        <img src="passed.png" width="3%"/>
                        <a href="#" panel-name="suite-Default_Suite" title="Corporate.smoketest.Accounts" class="method navigator-link" hash-for-method="openAccountIndividual">openAccountIndividual</a> <!-- method navigator-link -->
                      </span>
                      <br/>
                      <span>
                        <img src="passed.png" width="3%"/>
                        <a href="#" panel-name="suite-Default_Suite" title="Corporate.smoketest.Accounts" class="method navigator-link" hash-for-method="openAddAccountIndPage">openAddAccountIndPage</a> <!-- method navigator-link -->
                      </span>
                      <br/>
                      <span>
                        <img src="passed.png" width="3%"/>
                        <a href="#" panel-name="suite-Default_Suite" title="Corporate.smoketest.Accounts" class="method navigator-link" hash-for-method="openCashInPopup">openCashInPopup</a> <!-- method navigator-link -->
                      </span>
                      <br/>
                      <span>
                        <img src="passed.png" width="3%"/>
                        <a href="#" panel-name="suite-Default_Suite" title="Corporate.smoketest.Accounts" class="method navigator-link" hash-for-method="openCashOutPopup">openCashOutPopup</a> <!-- method navigator-link -->
                      </span>
                      <br/>
                    </div> <!-- method-list-content passed suite-Default_Suite -->
                  </li>
                </ul>
              </div> <!-- suite-section-content -->
            </div> <!-- result-section -->
          </div> <!-- navigator-suite-content -->
        </div> <!-- rounded-window -->
      </div> <!-- suite -->
    </div> <!-- navigator-root -->
    <div class="wrapper">
      <div class="main-panel-root">
        <div panel-name="suite-Default_Suite" class="panel Default_Suite">
          <div class="suite-Default_Suite-class-failed">
            <div class="main-panel-header rounded-window-top">
              <img src="failed.png"/>
              <span class="class-name">Corporate.smoketest.Accounts</span>
            </div> <!-- main-panel-header rounded-window-top -->
            <div class="main-panel-content rounded-window-bottom">
              <div class="method">
                <div class="method-content">
                  <a name="CashInTransactionSuccessfully">
                  </a> <!-- CashInTransactionSuccessfully -->
                  <span class="method-name">CashInTransactionSuccessfully</span>
                  <div class="stack-trace">org.openqa.selenium.NoSuchElementException: no such element: Unable to locate
                      element: {&quot;method&quot;:&quot;xpath&quot;,&quot;selector&quot;:&quot;//button[contains(text(),&apos;Confirm&apos;)]&quot;}
                      (Session info: chrome=110.0.5481.177)
                      For documentation on this error, please visit: https://selenium.dev/exceptions/#no_such_element
                      Build info: version: &apos;4.5.3&apos;, revision: &apos;4b786a1e430&apos;
                      System info: os.name: &apos;Mac OS X&apos;, os.arch: &apos;x86_64&apos;, os.version: &apos;12.6.3&apos;,
                      java.version: &apos;11.0.17&apos;
                      Driver info: org.openqa.selenium.chrome.ChromeDriver
                      Command: [d928e715753034c375d4e05718c4d847, findElement {using=xpath,
                      value=//button[contains(text(),&apos;Confirm&apos;)]}]
                      Capabilities {acceptInsecureCerts: false, browserName: chrome, browserVersion: 110.0.5481.177,
                      chrome: {chromedriverVersion: 110.0.5481.77 (65ed616c6e8e..., userDataDir:
                      /var/folders/bz/6f_n48n94xj...}, goog:chromeOptions: {debuggerAddress: localhost:49682},
                      networkConnectionEnabled: false, pageLoadStrategy: normal, platformName: MAC, proxy: Proxy(),
                      se:cdp: ws://localhost:49682/devtoo..., se:cdpVersion: 110.0.5481.177, setWindowRect: true,
                      strictFileInteractability: false, timeouts: {implicit: 0, pageLoad: 300000, script: 30000},
                      unhandledPromptBehavior: dismiss and notify, webauthn:extension:credBlob: true,
                      webauthn:extension:largeBlob: true, webauthn:virtualAuthenticators: true}
                      Session ID: d928e715753034c375d4e05718c4d847
                      at
                      org.openqa.selenium.remote.codec.w3c.W3CHttpResponseCodec.createException(W3CHttpResponseCodec.java:200)
                      at org.openqa.selenium.remote.codec.w3c.W3CHttpResponseCodec.decode(W3CHttpResponseCodec.java:133)
                      at org.openqa.selenium.remote.codec.w3c.W3CHttpResponseCodec.decode(W3CHttpResponseCodec.java:53)
                      at org.openqa.selenium.remote.HttpCommandExecutor.execute(HttpCommandExecutor.java:184)
                      at
                      org.openqa.selenium.remote.service.DriverCommandExecutor.invokeExecute(DriverCommandExecutor.java:167)
                      at
                      org.openqa.selenium.remote.service.DriverCommandExecutor.execute(DriverCommandExecutor.java:142)
                      at org.openqa.selenium.remote.RemoteWebDriver.execute(RemoteWebDriver.java:541)
                      at
                      org.openqa.selenium.remote.ElementLocation$ElementFinder$2.findElement(ElementLocation.java:162)
                      at org.openqa.selenium.remote.ElementLocation.findElement(ElementLocation.java:60)
                      at org.openqa.selenium.remote.RemoteWebDriver.findElement(RemoteWebDriver.java:365)
                      at org.openqa.selenium.remote.RemoteWebDriver.findElement(RemoteWebDriver.java:357)
                      at
                      org.openqa.selenium.support.pagefactory.DefaultElementLocator.findElement(DefaultElementLocator.java:70)
                      at
                      org.openqa.selenium.support.pagefactory.internal.LocatingElementHandler.invoke(LocatingElementHandler.java:39)
                      at com.sun.proxy.$Proxy15.click(Unknown Source)
                      at Corporate.pages.Accounts.ConfirmCashInTRX(AccountIndv.java:307)
                      at
                      Corporate.smoketest.Accounts.CashInTransactionSuccessfully(AccountIndividual.java:151)
                      at com.intellij.rt.testng.IDEARemoteTestNG.run(IDEARemoteTestNG.java:66)
                      at com.intellij.rt.testng.RemoteTestNGStarter.main(RemoteTestNGStarter.java:109)
                      ... Removed 26 stack frames
                  </div> <!-- stack-trace -->
                  <em>
(this to test  Cash In Successfully for account )                  </em>
                </div> <!-- method-content -->
              </div> <!-- method -->
              <div class="method">
                <div class="method-content">
                  <a name="CashOutTransactionSuccessfully">
                  </a> <!-- CashOutTransactionSuccessfully -->
                  <span class="method-name">CashOutTransactionSuccessfully</span>
                  <div class="stack-trace">org.openqa.selenium.NoSuchElementException: no such element: Unable to locate
                      element: {&quot;method&quot;:&quot;xpath&quot;,&quot;selector&quot;:&quot;//button[contains(text(),&apos;Confirm&apos;)]&quot;}
                      (Session info: chrome=110.0.5481.177)
                      For documentation on this error, please visit: https://selenium.dev/exceptions/#no_such_element
                      Build info: version: &apos;4.5.3&apos;, revision: &apos;4b786a1e430&apos;
                      System info: os.name: &apos;Mac OS X&apos;, os.arch: &apos;x86_64&apos;, os.version: &apos;12.6.3&apos;,
                      java.version: &apos;11.0.17&apos;
                      Driver info: org.openqa.selenium.chrome.ChromeDriver
                      Command: [eea877951132a13f17d937e207354288, findElement {using=xpath,
                      value=//button[contains(text(),&apos;Confirm&apos;)]}]
                      Capabilities {acceptInsecureCerts: false, browserName: chrome, browserVersion: 110.0.5481.177,
                      chrome: {chromedriverVersion: 110.0.5481.77 (65ed616c6e8e..., userDataDir:
                      /var/folders/bz/6f_n48n94xj...}, goog:chromeOptions: {debuggerAddress: localhost:49720},
                      networkConnectionEnabled: false, pageLoadStrategy: normal, platformName: MAC, proxy: Proxy(),
                      se:cdp: ws://localhost:49720/devtoo..., se:cdpVersion: 110.0.5481.177, setWindowRect: true,
                      strictFileInteractability: false, timeouts: {implicit: 0, pageLoad: 300000, script: 30000},
                      unhandledPromptBehavior: dismiss and notify, webauthn:extension:credBlob: true,
                      webauthn:extension:largeBlob: true, webauthn:virtualAuthenticators: true}
                      Session ID: eea877951132a13f17d937e207354288
                      at
                      org.openqa.selenium.remote.codec.w3c.W3CHttpResponseCodec.createException(W3CHttpResponseCodec.java:200)
                      at org.openqa.selenium.remote.codec.w3c.W3CHttpResponseCodec.decode(W3CHttpResponseCodec.java:133)
                      at org.openqa.selenium.remote.codec.w3c.W3CHttpResponseCodec.decode(W3CHttpResponseCodec.java:53)
                      at org.openqa.selenium.remote.HttpCommandExecutor.execute(HttpCommandExecutor.java:184)
                      at
                      org.openqa.selenium.remote.service.DriverCommandExecutor.invokeExecute(DriverCommandExecutor.java:167)
                      at
                      org.openqa.selenium.remote.service.DriverCommandExecutor.execute(DriverCommandExecutor.java:142)
                      at org.openqa.selenium.remote.RemoteWebDriver.execute(RemoteWebDriver.java:541)
                      at
                      org.openqa.selenium.remote.ElementLocation$ElementFinder$2.findElement(ElementLocation.java:162)
                      at org.openqa.selenium.remote.ElementLocation.findElement(ElementLocation.java:60)
                      at org.openqa.selenium.remote.RemoteWebDriver.findElement(RemoteWebDriver.java:365)
                      at org.openqa.selenium.remote.RemoteWebDriver.findElement(RemoteWebDriver.java:357)
                      at
                      org.openqa.selenium.support.pagefactory.DefaultElementLocator.findElement(DefaultElementLocator.java:70)
                      at
                      org.openqa.selenium.support.pagefactory.internal.LocatingElementHandler.invoke(LocatingElementHandler.java:39)
                      at com.sun.proxy.$Proxy15.click(Unknown Source)
                      at Corporate.pages.Accounts.ConfirmCashInTRX(AccountIndv.java:307)
                      at
                      Corporate.smoketest.Accounts.CashOutTransactionSuccessfully(AccountIndividual.java:192)
                      at com.intellij.rt.testng.IDEARemoteTestNG.run(IDEARemoteTestNG.java:66)
                      at com.intellij.rt.testng.RemoteTestNGStarter.main(RemoteTestNGStarter.java:109)
                      ... Removed 26 stack frames
                  </div> <!-- stack-trace -->
                  <em>
(this to test  Cash Out Successfully for account )                  </em>
                </div> <!-- method-content -->
              </div> <!-- method -->
              <div class="method">
                <div class="method-content">
                  <a name="addAccountIndSuccessfully">
                  </a> <!-- addAccountIndSuccessfully -->
                  <span class="method-name">addAccountIndSuccessfully</span>
                  <div class="stack-trace">org.openqa.selenium.NoSuchElementException: no such element: Unable to locate
                      element: {&quot;method&quot;:&quot;xpath&quot;,&quot;selector&quot;:&quot;//li[normalize-space()=&apos;Close
                      loop wallet&apos;]&quot;}
                      (Session info: chrome=110.0.5481.177)
                      For documentation on this error, please visit: https://selenium.dev/exceptions/#no_such_element
                      Build info: version: &apos;4.5.3&apos;, revision: &apos;4b786a1e430&apos;
                      System info: os.name: &apos;Mac OS X&apos;, os.arch: &apos;x86_64&apos;, os.version: &apos;12.6.3&apos;,
                      java.version: &apos;11.0.17&apos;
                      Driver info: org.openqa.selenium.chrome.ChromeDriver
                      Command: [6a859628492afece9a80330d8b64429c, findElement {using=xpath,
                      value=//li[normalize-space()=&apos;Close loop wallet&apos;]}]
                      Capabilities {acceptInsecureCerts: false, browserName: chrome, browserVersion: 110.0.5481.177,
                      chrome: {chromedriverVersion: 110.0.5481.77 (65ed616c6e8e..., userDataDir:
                      /var/folders/bz/6f_n48n94xj...}, goog:chromeOptions: {debuggerAddress: localhost:49602},
                      networkConnectionEnabled: false, pageLoadStrategy: normal, platformName: MAC, proxy: Proxy(),
                      se:cdp: ws://localhost:49602/devtoo..., se:cdpVersion: 110.0.5481.177, setWindowRect: true,
                      strictFileInteractability: false, timeouts: {implicit: 0, pageLoad: 300000, script: 30000},
                      unhandledPromptBehavior: dismiss and notify, webauthn:extension:credBlob: true,
                      webauthn:extension:largeBlob: true, webauthn:virtualAuthenticators: true}
                      Session ID: 6a859628492afece9a80330d8b64429c
                      at
                      org.openqa.selenium.remote.codec.w3c.W3CHttpResponseCodec.createException(W3CHttpResponseCodec.java:200)
                      at org.openqa.selenium.remote.codec.w3c.W3CHttpResponseCodec.decode(W3CHttpResponseCodec.java:133)
                      at org.openqa.selenium.remote.codec.w3c.W3CHttpResponseCodec.decode(W3CHttpResponseCodec.java:53)
                      at org.openqa.selenium.remote.HttpCommandExecutor.execute(HttpCommandExecutor.java:184)
                      at
                      org.openqa.selenium.remote.service.DriverCommandExecutor.invokeExecute(DriverCommandExecutor.java:167)
                      at
                      org.openqa.selenium.remote.service.DriverCommandExecutor.execute(DriverCommandExecutor.java:142)
                      at org.openqa.selenium.remote.RemoteWebDriver.execute(RemoteWebDriver.java:541)
                      at
                      org.openqa.selenium.remote.ElementLocation$ElementFinder$2.findElement(ElementLocation.java:162)
                      at org.openqa.selenium.remote.ElementLocation.findElement(ElementLocation.java:60)
                      at org.openqa.selenium.remote.RemoteWebDriver.findElement(RemoteWebDriver.java:365)
                      at org.openqa.selenium.remote.RemoteWebDriver.findElement(RemoteWebDriver.java:357)
                      at
                      org.openqa.selenium.support.pagefactory.DefaultElementLocator.findElement(DefaultElementLocator.java:70)
                      at
                      org.openqa.selenium.support.pagefactory.internal.LocatingElementHandler.invoke(LocatingElementHandler.java:39)
                      at com.sun.proxy.$Proxy15.click(Unknown Source)
                      at Corporate.pages.Accounts.CloseLoopWallet(AccountIndv.java:229)
                      at
                      Corporate.smoketest.Accounts.addAccountIndSuccessfully(AccountIndividual.java:60)
                      at com.intellij.rt.testng.IDEARemoteTestNG.run(IDEARemoteTestNG.java:66)
                      at com.intellij.rt.testng.RemoteTestNGStarter.main(RemoteTestNGStarter.java:109)
                      ... Removed 26 stack frames
                  </div> <!-- stack-trace -->
                  <em>
(this to test add Account page )                  </em>
                </div> <!-- method-content -->
              </div> <!-- method -->
            </div> <!-- main-panel-content rounded-window-bottom -->
          </div> <!-- suite-Default_Suite-class-failed -->
          <div class="suite-Default_Suite-class-passed">
            <div class="main-panel-header rounded-window-top">
              <img src="passed.png"/>
              <span class="class-name">Corporate.smoketest.Accounts</span>
            </div> <!-- main-panel-header rounded-window-top -->
            <div class="main-panel-content rounded-window-bottom">
              <div class="method">
                <div class="method-content">
                  <a name="openAccountIndActions">
                  </a> <!-- openAccountIndActions -->
                  <span class="method-name">openAccountIndActions</span>
                  <em>
(this to test open Actions for account )                  </em>
                </div> <!-- method-content -->
              </div> <!-- method -->
              <div class="method">
                <div class="method-content">
                  <a name="openAccountIndDetails">
                  </a> <!-- openAccountIndDetails -->
                  <span class="method-name">openAccountIndDetails</span>
                  <em>
(this to test open  account details )                  </em>
                </div> <!-- method-content -->
              </div> <!-- method -->
              <div class="method">
                <div class="method-content">
                  <a name="openAccountIndividual">
                  </a> <!-- openAccountIndividual -->
                  <span class="method-name">openAccountIndividual</span>
                  <em>
(this to test open customer corp page )                  </em>
                </div> <!-- method-content -->
              </div> <!-- method -->
              <div class="method">
                <div class="method-content">
                  <a name="openAddAccountIndPage">
                  </a> <!-- openAddAccountIndPage -->
                  <span class="method-name">openAddAccountIndPage</span>
                  <em>
(this to test open add Account Ind page )                  </em>
                </div> <!-- method-content -->
              </div> <!-- method -->
              <div class="method">
                <div class="method-content">
                  <a name="openCashInPopup">
                  </a> <!-- openCashInPopup -->
                  <span class="method-name">openCashInPopup</span>
                  <em>
(this to test open Cash In popup for account )                  </em>
                </div> <!-- method-content -->
              </div> <!-- method -->
              <div class="method">
                <div class="method-content">
                  <a name="openCashOutPopup">
                  </a> <!-- openCashOutPopup -->
                  <span class="method-name">openCashOutPopup</span>
                  <em>
(this to test open Cash Out popup for account )                  </em>
                </div> <!-- method-content -->
              </div> <!-- method -->
            </div> <!-- main-panel-content rounded-window-bottom -->
          </div> <!-- suite-Default_Suite-class-passed -->
        </div> <!-- panel Default_Suite -->
        <div panel-name="test-xml-Default_Suite" class="panel">
          <div class="main-panel-header rounded-window-top">
            <span class="header-content">/Users/hamzeharmouti/Library/Caches/JetBrains/IdeaIC2022.3/temp-testng-customsuite.xml</span>
          </div> <!-- main-panel-header rounded-window-top -->
          <div class="main-panel-content rounded-window-bottom">
            <pre>
&lt;?xml version=&quot;1.0&quot; encoding=&quot;UTF-8&quot;?&gt;
&lt;!DOCTYPE suite SYSTEM &quot;http://testng.org/testng-1.0.dtd&quot;&gt;
&lt;suite name=&quot;Default Suite&quot; guice-stage=&quot;DEVELOPMENT&quot;&gt;
  &lt;test thread-count=&quot;5&quot; name=&quot;sedra.wallet.test&quot;&gt;
    &lt;classes&gt;
      &lt;class name=&quot;sedra.wallet.smoketest.AccountIndividual&quot;/&gt;
    &lt;/classes&gt;
  &lt;/test&gt; &lt;!-- sedra.wallet.test --&gt;
&lt;/suite&gt; &lt;!-- Default Suite --&gt;
            </pre>
          </div> <!-- main-panel-content rounded-window-bottom -->
        </div> <!-- panel -->
        <div panel-name="testlist-Default_Suite" class="panel">
          <div class="main-panel-header rounded-window-top">
            <span class="header-content">Tests for Default Suite</span>
          </div> <!-- main-panel-header rounded-window-top -->
          <div class="main-panel-content rounded-window-bottom">
            <ul>
              <li>
                <span class="test-name">sedra.wallet.test (1 class)</span>
              </li>
            </ul>
          </div> <!-- main-panel-content rounded-window-bottom -->
        </div> <!-- panel -->
        <div panel-name="group-Default_Suite" class="panel">
          <div class="main-panel-header rounded-window-top">
            <span class="header-content">Groups for Default Suite</span>
          </div> <!-- main-panel-header rounded-window-top -->
          <div class="main-panel-content rounded-window-bottom">
          </div> <!-- main-panel-content rounded-window-bottom -->
        </div> <!-- panel -->
        <div panel-name="times-Default_Suite" class="panel">
          <div class="main-panel-header rounded-window-top">
            <span class="header-content">Times for Default Suite</span>
          </div> <!-- main-panel-header rounded-window-top -->
          <div class="main-panel-content rounded-window-bottom">
            <div class="times-div">
              <script type="text/javascript">
suiteTableInitFunctions.push('tableData_Default_Suite');
function tableData_Default_Suite() {
var data = new google.visualization.DataTable();
data.addColumn('number', 'Number');
data.addColumn('string', 'Method');
data.addColumn('string', 'Class');
data.addColumn('number', 'Time (ms)');
data.addRows(9);
data.setCell(0, 0, 0)
data.setCell(0, 1, 'CashInTransactionSuccessfully')
data.setCell(0, 2, 'sedra.wallet.smoketest.AccountIndividual')
data.setCell(0, 3, 35671);
data.setCell(1, 0, 1)
data.setCell(1, 1, 'CashOutTransactionSuccessfully')
data.setCell(1, 2, 'sedra.wallet.smoketest.AccountIndividual')
data.setCell(1, 3, 35428);
data.setCell(2, 0, 2)
data.setCell(2, 1, 'openAccountIndDetails')
data.setCell(2, 2, 'sedra.wallet.smoketest.AccountIndividual')
data.setCell(2, 3, 34430);
data.setCell(3, 0, 3)
data.setCell(3, 1, 'openAddAccountIndPage')
data.setCell(3, 2, 'sedra.wallet.smoketest.AccountIndividual')
data.setCell(3, 3, 33999);
data.setCell(4, 0, 4)
data.setCell(4, 1, 'openAccountIndividual')
data.setCell(4, 2, 'sedra.wallet.smoketest.AccountIndividual')
data.setCell(4, 3, 33682);
data.setCell(5, 0, 5)
data.setCell(5, 1, 'openCashInPopup')
data.setCell(5, 2, 'sedra.wallet.smoketest.AccountIndividual')
data.setCell(5, 3, 33498);
data.setCell(6, 0, 6)
data.setCell(6, 1, 'openCashOutPopup')
data.setCell(6, 2, 'sedra.wallet.smoketest.AccountIndividual')
data.setCell(6, 3, 33464);
data.setCell(7, 0, 7)
data.setCell(7, 1, 'openAccountIndActions')
data.setCell(7, 2, 'sedra.wallet.smoketest.AccountIndividual')
data.setCell(7, 3, 33378);
data.setCell(8, 0, 8)
data.setCell(8, 1, 'addAccountIndSuccessfully')
data.setCell(8, 2, 'sedra.wallet.smoketest.AccountIndividual')
data.setCell(8, 3, 19415);
window.suiteTableData['Default_Suite']= { tableData: data, tableDiv: 'times-div-Default_Suite'}
return data;
}
              </script>
              <span class="suite-total-time">Total running time: 4 minutes</span>
              <div id="times-div-Default_Suite">
              </div> <!-- times-div-Default_Suite -->
            </div> <!-- times-div -->
          </div> <!-- main-panel-content rounded-window-bottom -->
        </div> <!-- panel -->
        <div panel-name="reporter-Default_Suite" class="panel">
          <div class="main-panel-header rounded-window-top">
            <span class="header-content">Reporter output for Default Suite</span>
          </div> <!-- main-panel-header rounded-window-top -->
          <div class="main-panel-content rounded-window-bottom">
          </div> <!-- main-panel-content rounded-window-bottom -->
        </div> <!-- panel -->
        <div panel-name="ignored-methods-Default_Suite" class="panel">
          <div class="main-panel-header rounded-window-top">
            <span class="header-content">0 ignored methods</span>
          </div> <!-- main-panel-header rounded-window-top -->
          <div class="main-panel-content rounded-window-bottom">
          </div> <!-- main-panel-content rounded-window-bottom -->
        </div> <!-- panel -->
        <div panel-name="chronological-Default_Suite" class="panel">
          <div class="main-panel-header rounded-window-top">
            <span class="header-content">Methods in chronological order</span>
          </div> <!-- main-panel-header rounded-window-top -->
          <div class="main-panel-content rounded-window-bottom">
            <div class="chronological-class">
              <div class="chronological-class-name">Corporate.smoketest.Accounts</div> <!-- chronological-class-name -->
              <div class="configuration-method before">
                <span class="method-name">launcheDriver</span>
                <span class="method-start">0 ms</span>
              </div> <!-- configuration-method before -->
              <div class="test-method">
                <span class="method-name">openAccountIndividual</span>
                <span class="method-start">8782 ms</span>
              </div> <!-- test-method -->
              <div class="configuration-method after">
                <span class="method-name">closeDriver</span>
                <span class="method-start">42465 ms</span>
              </div> <!-- configuration-method after -->
              <div class="configuration-method before">
                <span class="method-name">launcheDriver</span>
                <span class="method-start">42594 ms</span>
              </div> <!-- configuration-method before -->
              <div class="test-method">
                <span class="method-name">openAddAccountIndPage</span>
                <span class="method-start">44976 ms</span>
              </div> <!-- test-method -->
              <div class="configuration-method after">
                <span class="method-name">closeDriver</span>
                <span class="method-start">78977 ms</span>
              </div> <!-- configuration-method after -->
              <div class="configuration-method before">
                <span class="method-name">launcheDriver</span>
                <span class="method-start">79131 ms</span>
              </div> <!-- configuration-method before -->
              <div class="test-method">
                <img src="failed.png">
                </img>
                <span class="method-name">addAccountIndSuccessfully</span>
                <span class="method-start">81547 ms</span>
              </div> <!-- test-method -->
              <div class="configuration-method after">
                <span class="method-name">closeDriver</span>
                <span class="method-start">100969 ms</span>
              </div> <!-- configuration-method after -->
              <div class="configuration-method before">
                <span class="method-name">launcheDriver</span>
                <span class="method-start">101082 ms</span>
              </div> <!-- configuration-method before -->
              <div class="test-method">
                <span class="method-name">openAccountIndActions</span>
                <span class="method-start">103371 ms</span>
              </div> <!-- test-method -->
              <div class="configuration-method after">
                <span class="method-name">closeDriver</span>
                <span class="method-start">136749 ms</span>
              </div> <!-- configuration-method after -->
              <div class="configuration-method before">
                <span class="method-name">launcheDriver</span>
                <span class="method-start">136874 ms</span>
              </div> <!-- configuration-method before -->
              <div class="test-method">
                <span class="method-name">openAccountIndDetails</span>
                <span class="method-start">139156 ms</span>
              </div> <!-- test-method -->
              <div class="configuration-method after">
                <span class="method-name">closeDriver</span>
                <span class="method-start">173586 ms</span>
              </div> <!-- configuration-method after -->
              <div class="configuration-method before">
                <span class="method-name">launcheDriver</span>
                <span class="method-start">173705 ms</span>
              </div> <!-- configuration-method before -->
              <div class="test-method">
                <span class="method-name">openCashInPopup</span>
                <span class="method-start">176027 ms</span>
              </div> <!-- test-method -->
              <div class="configuration-method after">
                <span class="method-name">closeDriver</span>
                <span class="method-start">209526 ms</span>
              </div> <!-- configuration-method after -->
              <div class="configuration-method before">
                <span class="method-name">launcheDriver</span>
                <span class="method-start">209645 ms</span>
              </div> <!-- configuration-method before -->
              <div class="test-method">
                <img src="failed.png">
                </img>
                <span class="method-name">CashInTransactionSuccessfully</span>
                <span class="method-start">211920 ms</span>
              </div> <!-- test-method -->
              <div class="configuration-method after">
                <span class="method-name">closeDriver</span>
                <span class="method-start">247593 ms</span>
              </div> <!-- configuration-method after -->
              <div class="configuration-method before">
                <span class="method-name">launcheDriver</span>
                <span class="method-start">247708 ms</span>
              </div> <!-- configuration-method before -->
              <div class="test-method">
                <span class="method-name">openCashOutPopup</span>
                <span class="method-start">249956 ms</span>
              </div> <!-- test-method -->
              <div class="configuration-method after">
                <span class="method-name">closeDriver</span>
                <span class="method-start">283421 ms</span>
              </div> <!-- configuration-method after -->
              <div class="configuration-method before">
                <span class="method-name">launcheDriver</span>
                <span class="method-start">283579 ms</span>
              </div> <!-- configuration-method before -->
              <div class="test-method">
                <img src="failed.png">
                </img>
                <span class="method-name">CashOutTransactionSuccessfully</span>
                <span class="method-start">285440 ms</span>
              </div> <!-- test-method -->
              <div class="configuration-method after">
                <span class="method-name">closeDriver</span>
                <span class="method-start">320871 ms</span>
              </div> <!-- configuration-method after -->
          </div> <!-- main-panel-content rounded-window-bottom -->
        </div> <!-- panel -->
      </div> <!-- main-panel-root -->
    </div> <!-- wrapper -->
  </body>
</html>
